; Drucker: HL4 und HL8

; Font: Courier

; Datum: 09.03.90



; --- Steuersequenzen ---

S00: 27,40,56,85,27,40,115,51,116,49,48,118,112,49,50,72 ; Proportional an

S01: 27,40,115,51,116,49,50,118,112,49,48,72 ; Proportional aus

S06: 27,38,97,45,52,53,86 ; Superscript an

S07: 27,38,97,43,52,53,86 ; Superscript aus

S08: 27,38,97,43,52,53,86 ; Subscript an

S09: 27,38,97,45,52,53,86 ; Subscript aus

S10: 27,40,115,49,83 ; Italic an

S11: 27,40,115,48,83 ; Italic aus

S12: 27,40,115,51,66 ; Bold an

S13: 27,40,115,48,66 ; Bold aus

S14: 27,38,100,68 ; Underline an

S15: 27,38,100,64 ; Underline aus

S16: 27,69,27,38,108,108,111,101,54,68,27,40,115,51,116,49,50,118,112,49,48,104,115,66; Initialisierung

S17: 27,69 ; Druck-Ende



; --- ASCII-Umsetzung ---

A221: 189 ; Paragraph

A132: 204 ; ae

A148: 206 ; oe

A129: 207 ; ue

A142: 216 ; Ae

A153: 218 ; Oe

A154: 219 ; Ue

A158: 222 ; sz



; --- Voreinstellungen der Druckparameter ---

X1: 1 ; Papierart

X2: 1 ; Seitenvorschub nach letzter Seite

X3: 1166 ; Seitenl„nge

X4: 2 ; Druckertyp

X5: 2 ; Lasertyp

X6: 300 ; horizontale Aufl”sung

X7: 300 ; vertikale Aufl”sung

X8: 0 ; ESC-l

X9: 0 ; ESC-$

