; Drucker: BROTHER Nadeldrucker

; Font: Anelia PS

; Datum: 07.03.90



; --- Steuersequenzen ---

S00: 27,120,1,27,107,1   ; Proportional an

S01: 27,120,0            ; Proportional aus

S06: 27,83,0             ; Superscript an

S07: 27,84               ; Superscript aus

S08: 27,83,1             ; Subscript an

S09: 27,84               ; Subscript aus

S10: 27,52               ; Italic an

S11: 27,53               ; Italic aus

S12: 27,69,27,71         ; Bold an

S13: 27,70,27,72         ; Bold aus

S14: 27,45,1             ; Underline an

S15: 27,45,0             ; Underline aus

S16: 27,64,27,120,0,27,80; Initialisierung

S17: 27,64               ; Druck-Ende



; --- ASCII-Umsetzung ---

A158: 225 ; sz

A221: 21  ; Paragraph



; --- Voreinstellungen der Druckparameter ---

X1: 1    ; Papierart

X2: 1    ; Seitenvorschub nach letzter Seite

X3: 1166 ; Seitenl„nge

X4: 0    ; Druckertyp

X5: 0    ; Lasertyp

X6: 240  ; horizontale Aufl”sung

X7: 216  ; vertikale Aufl”sung

X8: 0    ; ESC-l bekannt?

X9: 0    ; ESC-$ bekannt?

