; Druckertreiber EPSON GQ-3500 Helvetica 1

; Font: Helvetica 1

; Datum: 09.03.90



; --- Steuersequenzen ---    

S00: 27,107,13,27,91,56,27,112,1 ; Proportional an    

S01: 27,112,0 ; Proportional aus    

S06: 27,83,0  ; Superscript an    

S07: 27,84   ; Superscript aus    

S08: 27,83,1 ; Subscript an    

S09: 27,84   ; Subscript aus    

S10: 27,52   ; Italic an   

S11: 27,53   ; Italic aus   

S12: 27,69   ; Fett an   

S13: 27,70   ; Fett aus   

S14: 27,45,1 ; Unterstreichen ein   

S15: 27,45,0 ; Unterstreichen aus   

S16: 27,64,27,111,0,27,82,0,27,113,0,1; Initialisierung   

S17: 27,64   ; Druck-Ende    



; --- Proportionalwerttabelle ---  

P021: 16,18,18,18,18,18,18,18,18,18  

P031: 18,18,10,11,25,18,28,23,8,11  

P041: 11,16,33,9,33,9,16,18,18,18  

P051: 18,18,18,18,18,18,18,10,10,33  

P061: 33,33,18,33,20,22,24,23,21,19  

P071: 25,24,8,17,21,18,28,24,26,21  

P081: 26,22,21,19,23,20,30,20,21,20  

P091: 12,16,12,26,17,16,18,20,17,20  

P101: 18,10,20,19,8,8,17,8,30,19  

P111: 19,20,20,11,16,10,19,16,24,17  

P121: 17,16,17,17,17,26,18,24,19,18  

P131: 18,18,18,18,17,18,18,18,8,8  

P141: 8,20,20,21,29,32,19,19,19,19  

P151: 19,17,26,23,18,18,20,23,16,18  

P161: 8,19,19,19,24,18,19,18,33,33  

P171: 27,27,10,15,15,30,30,30,30,30  

P181: 30,30,30,30,30,30,30,30,30,30  

P191: 30,30,30,30,30,30,30,30,30,30  

P201: 30,30,30,30,30,30,30,30,30,30  

P211: 30,30,30,30,30,30,30,30,30,30  

P221: 30,30,30,20,18,19,21,20,20,19  

P231: 14,24,18,25,19,33,23,33,33,30  

P241: 30,30,30,30,30,30,30,30,30,30  

P251: 30,30,30,30,30  



; --- ASCII-Umsetzung ---    

A158: 27,82,2,126,27,82,0 ; sz

A221: 21 ; Paragraph



; --- Voreinstellungen der Druckparameter ---    

X1: 1    ; Papierart    

X2: 1    ; Seitenvorschub nach letzter  Seite  

X3: 1166 ; Seitenl„nge    

X4: 2    ; Druckertyp    

X5: 3    ; Lasertyp    

X6: 300  ; horizontale Aufl”sung    

X7: 300  ; vertikale Aufl”sung    

X8: 0    ; ESC-l

X9: 0    ; ESC-$

