; Drucker: FUJITSU DL2400, DL2600, DL3000

; Font: Prestige PS

; Datum: 21.03.91



; --- Steuersequenzen ---

S06: 27,83,0             ; Superscript an

S07: 27,84               ; Superscript aus

S08: 27,83,1             ; Subscript an

S09: 27,84               ; Subscript aus

S10: 27,52               ; Italic an

S11: 27,53               ; Italic aus

S12: 27,69               ; Bold an

S13: 27,70               ; Bold aus

S14: 27,45,49            ; Underline an

S15: 27,45,48            ; Underline aus

S16: 27,82,48,27,51,30,27,33,0,27,45,48,27,53,27,84,27,37,48,48,27,114,48,27,60; Initialisierung



; --- ASCII-Umsetzung ---

A221: 21 ; Paragraph

A158: 27,82,50,126,27,82,48; sz



; --- Voreinstellungen der Druckparameter ---

X1: 1    ; Papierart

X2: 1    ; Seitenvorschub nach letzter Seite

X3: 1166 ; Seitenl„nge

X4: 1    ; Druckertyp

X5: 0    ; Lasertyp

X6: 360  ; horizontale Aufl”sung

X7: 180  ; vertikale Aufl”sung

X8: 0    ; ESC-l bekannt?

X9: 0    ; ESC-$ bekannt?

