; Drucker: HP LaserJet
; Font: Courier_R8_S1
; Datum: 11.02.91

; --- Steuersequenzen ---
S00: 27,40,56,85,27,40,115,51,116,49,48,118,112,49,50,72 ; Proportional an
S01: 27,40,115,51,116,49,50,118,112,49,48,72 ; Proportional aus
S06: 27,38,97,45,52,53,86 ; Superscript an
S07: 27,38,97,43,52,53,86 ; Superscript aus
S08: 27,38,97,43,52,53,86 ; Subscript an
S09: 27,38,97,45,52,53,86 ; Subscript aus
S10: 27,40,115,49,83 ; Italic an
S11: 27,40,115,48,83 ; Italic aus
S12: 27,40,115,51,66 ; Bold an
S13: 27,40,115,48,66 ; Bold aus
S14: 27,38,100,68 ; Underline an
S15: 27,38,100,64 ; Underline aus
S17: 27,69 ; Druck-Ende
S30: 27,40,115,49,84     ; Pica ein
S32: 27,40,115,50,84     ; Elite ein
S34: 27,120,1            ; NLQ ein
S35: 27,120,0            ; NLQ aus
S36: 27,38,107,52,83     ; Schmaldruck ein
S37: 27,38,107,48,83     ; Schmaldruck aus
S38: 27,87,1             ; Breit ein
S39: 27,87,0             ; Breit aus
S40: 27,38,108,54,68     ; 1/6" Zeilenabstand
S42: 27,38,108,56,68     ; 1/8" Zeilenabstand


; --- Proportionalwerttabelle ---
P031: 25,25,25,25,25,25,25,25,25,25
P041: 25,25,25,25,25,25,25,25,25,25
P051: 25,25,25,25,25,25,25,25,25,25
P061: 25,25,25,25,25,25,25,25,25,25
P071: 25,25,25,25,25,25,25,25,25,25
P081: 25,25,25,25,25,25,25,25,25,25
P091: 25,25,25,25,25,25,25,25,25,25
P101: 25,25,25,25,25,25,25,25,25,25
P111: 25,25,25,25,25,25,25,25,25,25
P121: 25,25,25,25,25,25,25,25,25,25
P131: 25,25,25,25,25,25,25,25,25,25
P141: 25,25,25,25,25,25,25,25,25,25
P151: 25,25,25,25,25,25,25,25,25,25
P161: 25,25,25,25,25,25,25,25,25,25
P171: 25,25,25,25,25,25,25,25,25,25
P181: 25,25,25,25,25,25,25,25,25,25
P191: 25,25,25,25,25,25,25,25,25,25
P201: 25,25,25,25,25,25,25,25,25,25
P211: 25,25,25,25,25,25,25,25,25,25
P221: 25,25,25,25,25,25,25,25,25,25
P231: 25,25,25,25,25,25,25,25,25,25
P241: 25,25,25,25,25,25,25,25,25,25
P251: 25,25,25,25

; --- ASCII-Umsetzung ---
A221: 189 ; Paragraph
A132: 132 ; ae
A148: 148 ; oe
A129: 129 ; ue
A142: 142 ; Ae
A153: 153 ; Oe
A154: 154 ; Ue
A158: 225 ; sz

; --- Voreinstellungen der Druckparameter ---
X1: 1 ; Papierart
X2: 1 ; Seitenvorschub nach letzter Seite
X3: 1166 ; Seitenl„nge
X4: 2 ; Druckertyp
X5: 2 ; Lasertyp
X6: 300 ; horizontale Aufl”sung
X7: 300 ; vertikale Aufl”sung
X8: 0 ; ESC-l
X9: 0 ; ESC-$
