; Drucker: CANON LBP 4

; Font: COURIER

; Datum: 29.3.94



; Steuersequenzen

S10:  27, 91,'3',109                              ; Italic an

S11:  27, 91,'2','3',109                          ; Italic aus

S12:  27, 91,'1',109                              ; Bold an

S13:  27, 91,'2','2',109                          ; Bold aus

S14:  27, 91,'4',109                              ; Underline an

S15:  27, 91,'2','4',109                          ; Underline aus

S16:  27, 59, 27,'[','1','1','h'                  ; Initialisierung

S17:  27, 60, 27, 58                              ; Druckende

S36:  27, 91,'2', 32, 75                          ; Schmaldruck ein

S37:  27, 91,'0', 32, 75                          ; Schmaldruck aus

S38:  27, 91,'1','0','0', 59,'2','0','0', 32, 66  ; Breit ein

S39:  27, 91,'1','0','0', 59,'1','0','0', 32, 66  ; Breit aus

S40:  27, 91,'0', 32, 76                          ; 1/6" Zeilenabstand

S42:  27, 91,'4', 32, 76                          ; 1/8" Zeilenabstand





; ASCII-Umsetzung

A221: 27, 40, 75, 64, 27, 40, 66 ; Paragraph

A132: 27, 40, 75,123, 27, 40, 66 ; ae

A148: 27, 40, 75,124, 27, 40, 66 ; oe

A129: 27, 40, 75,125, 27, 40, 66 ; ue

A142: 27, 40, 75, 91, 27, 40, 66 ; Ae

A153: 27, 40, 75, 92, 27, 40, 66 ; Oe

A154: 27, 40, 75, 93, 27, 40, 66 ; Ue

A158: 27, 40, 75,126, 27, 40, 66 ; sz

