; Druckertreiber: NEC P5/P6/P7 und P6/P7 plus
; Font: Pica 
; Datum: 20.03.91

;Steuersequenzen
S00: 27,112,49 ;Proportional an
S01: 27,112,48 ;Proportional aus
S06: 27,83,48 ;Superscript an
S07: 27,84 ;Superscript aus
S08: 27,83,49 ;Subscript an
S09: 27,84 ;Subscript aus
S10: 27,52 ;Italic an
S11: 27,53 ;Italic aus
S12: 27,69 ;Bold an
S13: 27,70 ;Bold aus
S14: 27,45,1 ;Underline an
S15: 27,45,0 ;Underline aus
S16: 27,64,27,33,0,27,50,27,67,72,27,82,0,27,120,0 ;Initialisierung
S17: 27,64 ;Druckende
S30: 27,80               ; Pica ein
S32: 27,77               ; Elite ein
S34: 27,120,1            ; NLQ ein
S35: 27,120,0            ; NLQ aus
S36: 27,15               ; Schmaldruck ein
S37: 27,18               ; Schmaldruck aus
S38: 27,87,1             ; Breit ein
S39: 27,87,0             ; Breit aus
S40: 27,50               ; 1/6" Zeilenabstand
S42: 27,48               ; 1/8" Zeilenabstand

; ASCII-Umsetzung
A221: 27,82,1,93,27,82,0  ; Paragraph
A132: 27,82,2,123,27,82,0 ; ae
A148: 27,82,2,124,27,82,0 ; oe
A129: 27,82,2,125,27,82,0 ; ue
A142: 27,82,2,91,27,82,0  ; Ae
A153: 27,82,2,92,27,82,0  ; Oe
A154: 27,82,2,93,27,82,0  ; Ue
A158: 27,82,2,126,27,82,0 ; sz

;Druckparameter
X1: 1 ; Papierart
X2: 1 ; Seitenvorschub
X3: 1166 ; Seitenl„nge
X4: 1 ; Druckertyp
X5: 0 ; Lasertyp
X6: 360 ; horizontale Aufl”sung
X7: 360 ; vertikale Aufl”sung
X8: 0 ; ESC-l
X9: 1 ; ESC-$
