; Drucker: Panasonic P1081/1082/1540/1595

; Font: PS_NLQ

; Datum: 21.03.91



; --- Steuersequenzen ---

S00: 27,112,49 ; Proportional an

S01: 27,112,48 ; Proportional aus

S06: 27,83,48 ; Superscript an

S07: 27,84 ; Superscript aus

S08: 27,83,49 ; Subscript an

S09: 27,84 ; Subscript aus

S10: 27,52 ; Italic an

S11: 27,53 ; Italic aus

S12: 27,69 ; Bold an

S13: 27,70 ; Bold aus

S14: 27,45,49 ; Underline an

S15: 27,45,48 ; Underline aus

S16: 27,64 ; Initialisierung

S17: 27,64 ; Druck-Ende



; --- ASCII-Umsetzung ---

A158: 225 ; sz

A221: 21  ; Paragraph



; --- Voreinstellungen der Druckparameter ---

X1: 1    ; Papierart

X2: 1    ; Seitenvorschub nach letzter Seite

X3: 1166 ; Seitenl„nge

X4: 0    ; Druckertyp

X5: 0    ; Lasertyp

X6: 240  ; horizontale Aufl”sung

X7: 216  ; vertikale Aufl”sung

X8: 0    ; ESC-l

X9: 0    ; ESC-$

